[ 2017-05-07T09:48:12+08:00 ] 127.0.0.1 /q/CDFYZX/getdata
ERR: 无法加载控制器:Getdata

[ 2017-05-07T09:48:27+08:00 ] 127.0.0.1 /q/CDFYZX/getdata
ERR: 无法加载控制器:Getdata

[ 2017-05-07T09:48:45+08:00 ] 127.0.0.1 /q/CDFYZX/getdata
ERR: 无法加载控制器:Getdata

[ 2017-05-07T09:49:08+08:00 ] 127.0.0.1 /q/CDFYZX/index/getdata?ScreenId=4
ERR: 105:[Microsoft][ODBC Driver 11 for SQL Server][SQL Server]字符串 '4and zsdm=1 ) ) AS thinkphp) AS T1 ' 后的引号不完整。
 [ SQL语句 ] : SELECT T1.* FROM (SELECT thinkphp.*, ROW_NUMBER() OVER ( ORDER BY sort desc) AS ROW_NUMBER FROM (SELECT  [brxm] FROM [pd_display] WHERE ( pmid='4and zsdm=1 ) ) AS thinkphp) AS T1 
ERR: 105:[Microsoft][ODBC Driver 11 for SQL Server][SQL Server]字符串 '4and zsdm=1 ) ) AS thinkphp) AS T1 ' 后的引号不完整。
 [ SQL语句 ] : SELECT T1.* FROM (SELECT thinkphp.*, ROW_NUMBER() OVER ( ORDER BY sort desc) AS ROW_NUMBER FROM (SELECT  [brxm] FROM [pd_display] WHERE ( pmid='4and zsdm=1 ) ) AS thinkphp) AS T1 

[ 2017-05-07T09:49:25+08:00 ] 127.0.0.1 /q/CDFYZX/index/getdata?ScreenId=4
ERR: 105:[Microsoft][ODBC Driver 11 for SQL Server][SQL Server]字符串 '4and zsdm=1 ) ) AS thinkphp) AS T1 ' 后的引号不完整。
 [ SQL语句 ] : SELECT T1.* FROM (SELECT thinkphp.*, ROW_NUMBER() OVER ( ORDER BY sort desc) AS ROW_NUMBER FROM (SELECT  [brxm] FROM [pd_display] WHERE ( pmid='4and zsdm=1 ) ) AS thinkphp) AS T1 
ERR: 105:[Microsoft][ODBC Driver 11 for SQL Server][SQL Server]字符串 '4and zsdm=1 ) ) AS thinkphp) AS T1 ' 后的引号不完整。
 [ SQL语句 ] : SELECT T1.* FROM (SELECT thinkphp.*, ROW_NUMBER() OVER ( ORDER BY sort desc) AS ROW_NUMBER FROM (SELECT  [brxm] FROM [pd_display] WHERE ( pmid='4and zsdm=1 ) ) AS thinkphp) AS T1 

[ 2017-05-07T09:49:26+08:00 ] 127.0.0.1 /q/CDFYZX/index/getdata?ScreenId=4
ERR: 105:[Microsoft][ODBC Driver 11 for SQL Server][SQL Server]字符串 '4and zsdm=1 ) ) AS thinkphp) AS T1 ' 后的引号不完整。
 [ SQL语句 ] : SELECT T1.* FROM (SELECT thinkphp.*, ROW_NUMBER() OVER ( ORDER BY sort desc) AS ROW_NUMBER FROM (SELECT  [brxm] FROM [pd_display] WHERE ( pmid='4and zsdm=1 ) ) AS thinkphp) AS T1 
ERR: 105:[Microsoft][ODBC Driver 11 for SQL Server][SQL Server]字符串 '4and zsdm=1 ) ) AS thinkphp) AS T1 ' 后的引号不完整。
 [ SQL语句 ] : SELECT T1.* FROM (SELECT thinkphp.*, ROW_NUMBER() OVER ( ORDER BY sort desc) AS ROW_NUMBER FROM (SELECT  [brxm] FROM [pd_display] WHERE ( pmid='4and zsdm=1 ) ) AS thinkphp) AS T1 

[ 2017-05-07T09:49:44+08:00 ] 127.0.0.1 /q/CDFYZX/index/getdata?ScreenId=4
ERR: 105:[Microsoft][ODBC Driver 11 for SQL Server][SQL Server]字符串 '4and zsdm=1 ) ) AS thinkphp) AS T1 ' 后的引号不完整。
 [ SQL语句 ] : SELECT T1.* FROM (SELECT thinkphp.*, ROW_NUMBER() OVER ( ORDER BY sort desc) AS ROW_NUMBER FROM (SELECT  [brxm] FROM [pd_display] WHERE ( pmid='4and zsdm=1 ) ) AS thinkphp) AS T1 
ERR: 105:[Microsoft][ODBC Driver 11 for SQL Server][SQL Server]字符串 '4and zsdm=1 ) ) AS thinkphp) AS T1 ' 后的引号不完整。
 [ SQL语句 ] : SELECT T1.* FROM (SELECT thinkphp.*, ROW_NUMBER() OVER ( ORDER BY sort desc) AS ROW_NUMBER FROM (SELECT  [brxm] FROM [pd_display] WHERE ( pmid='4and zsdm=1 ) ) AS thinkphp) AS T1 

[ 2017-05-07T09:50:05+08:00 ] 127.0.0.1 /q/CDFYZX/index/getdata?ScreenId=4
ERR: 105:[Microsoft][ODBC Driver 11 for SQL Server][SQL Server]字符串 '4and zsdm=1 ) ) AS thinkphp) AS T1 ' 后的引号不完整。
 [ SQL语句 ] : SELECT T1.* FROM (SELECT thinkphp.*, ROW_NUMBER() OVER ( ORDER BY sort desc) AS ROW_NUMBER FROM (SELECT  [brxm] FROM [pd_display] WHERE ( pmid='4and zsdm=1 ) ) AS thinkphp) AS T1 
ERR: 105:[Microsoft][ODBC Driver 11 for SQL Server][SQL Server]字符串 '4and zsdm=1 ) ) AS thinkphp) AS T1 ' 后的引号不完整。
 [ SQL语句 ] : SELECT T1.* FROM (SELECT thinkphp.*, ROW_NUMBER() OVER ( ORDER BY sort desc) AS ROW_NUMBER FROM (SELECT  [brxm] FROM [pd_display] WHERE ( pmid='4and zsdm=1 ) ) AS thinkphp) AS T1 

[ 2017-05-07T09:50:17+08:00 ] 127.0.0.1 /q/CDFYZX/index/getdata?ScreenId=4
ERR: 105:[Microsoft][ODBC Driver 11 for SQL Server][SQL Server]字符串 '4and zsdm=1 ) ) AS thinkphp) AS T1 ' 后的引号不完整。
 [ SQL语句 ] : SELECT T1.* FROM (SELECT thinkphp.*, ROW_NUMBER() OVER ( ORDER BY sort desc) AS ROW_NUMBER FROM (SELECT  [brxm] FROM [pd_display] WHERE ( pmid='4and zsdm=1 ) ) AS thinkphp) AS T1 
ERR: 105:[Microsoft][ODBC Driver 11 for SQL Server][SQL Server]字符串 '4and zsdm=1 ) ) AS thinkphp) AS T1 ' 后的引号不完整。
 [ SQL语句 ] : SELECT T1.* FROM (SELECT thinkphp.*, ROW_NUMBER() OVER ( ORDER BY sort desc) AS ROW_NUMBER FROM (SELECT  [brxm] FROM [pd_display] WHERE ( pmid='4and zsdm=1 ) ) AS thinkphp) AS T1 

[ 2017-05-07T09:50:29+08:00 ] 127.0.0.1 /q/CDFYZX/index/getdata?ScreenId=4
ERR: 105:[Microsoft][ODBC Driver 11 for SQL Server][SQL Server]字符串 '4 and zsdm=1 ) ) AS thinkphp) AS T1 ' 后的引号不完整。
 [ SQL语句 ] : SELECT T1.* FROM (SELECT thinkphp.*, ROW_NUMBER() OVER ( ORDER BY sort desc) AS ROW_NUMBER FROM (SELECT  [brxm] FROM [pd_display] WHERE ( pmid='4 and zsdm=1 ) ) AS thinkphp) AS T1 
ERR: 105:[Microsoft][ODBC Driver 11 for SQL Server][SQL Server]字符串 '4 and zsdm=1 ) ) AS thinkphp) AS T1 ' 后的引号不完整。
 [ SQL语句 ] : SELECT T1.* FROM (SELECT thinkphp.*, ROW_NUMBER() OVER ( ORDER BY sort desc) AS ROW_NUMBER FROM (SELECT  [brxm] FROM [pd_display] WHERE ( pmid='4 and zsdm=1 ) ) AS thinkphp) AS T1 

[ 2017-05-07T09:50:41+08:00 ] 127.0.0.1 /q/CDFYZX/index/getdata?ScreenId=4
ERR: 207:[Microsoft][ODBC Driver 11 for SQL Server][SQL Server]列名 'sort' 无效。
 [ SQL语句 ] : SELECT T1.* FROM (SELECT thinkphp.*, ROW_NUMBER() OVER ( ORDER BY sort desc) AS ROW_NUMBER FROM (SELECT  [brxm] FROM [pd_display] WHERE ( pmid='4' and zsdm=1 ) ) AS thinkphp) AS T1 
ERR: 207:[Microsoft][ODBC Driver 11 for SQL Server][SQL Server]列名 'sort' 无效。
 [ SQL语句 ] : SELECT T1.* FROM (SELECT thinkphp.*, ROW_NUMBER() OVER ( ORDER BY sort desc) AS ROW_NUMBER FROM (SELECT  [brxm] FROM [pd_display] WHERE ( pmid='4' and zsdm=1 ) ) AS thinkphp) AS T1 

[ 2017-05-07T09:50:55+08:00 ] 127.0.0.1 /q/CDFYZX/index/getdata?ScreenId=4
ERR: 207:[Microsoft][ODBC Driver 11 for SQL Server][SQL Server]列名 'sort' 无效。
 [ SQL语句 ] : SELECT T1.* FROM (SELECT thinkphp.*, ROW_NUMBER() OVER ( ORDER BY sort desc) AS ROW_NUMBER FROM (SELECT  [brxm] FROM [pd_display] WHERE ( pmid='4' and zsdm=1 ) ) AS thinkphp) AS T1 
ERR: 207:[Microsoft][ODBC Driver 11 for SQL Server][SQL Server]列名 'sort' 无效。
 [ SQL语句 ] : SELECT T1.* FROM (SELECT thinkphp.*, ROW_NUMBER() OVER ( ORDER BY sort desc) AS ROW_NUMBER FROM (SELECT  [brxm] FROM [pd_display] WHERE ( pmid='4' and zsdm=1 ) ) AS thinkphp) AS T1 

[ 2017-05-07T09:50:56+08:00 ] 127.0.0.1 /q/CDFYZX/index/getdata?ScreenId=4
ERR: 207:[Microsoft][ODBC Driver 11 for SQL Server][SQL Server]列名 'sort' 无效。
 [ SQL语句 ] : SELECT T1.* FROM (SELECT thinkphp.*, ROW_NUMBER() OVER ( ORDER BY sort desc) AS ROW_NUMBER FROM (SELECT  [brxm] FROM [pd_display] WHERE ( pmid='4' and zsdm=1 ) ) AS thinkphp) AS T1 
ERR: 207:[Microsoft][ODBC Driver 11 for SQL Server][SQL Server]列名 'sort' 无效。
 [ SQL语句 ] : SELECT T1.* FROM (SELECT thinkphp.*, ROW_NUMBER() OVER ( ORDER BY sort desc) AS ROW_NUMBER FROM (SELECT  [brxm] FROM [pd_display] WHERE ( pmid='4' and zsdm=1 ) ) AS thinkphp) AS T1 

[ 2017-05-07T09:59:27+08:00 ] 127.0.0.1 /q/CDFYZX/index/getdata?ScreenId=4
ERR: 207:[Microsoft][ODBC Driver 11 for SQL Server][SQL Server]列名 'sort' 无效。
 [ SQL语句 ] : SELECT T1.* FROM (SELECT thinkphp.*, ROW_NUMBER() OVER ( ORDER BY sort desc) AS ROW_NUMBER FROM (SELECT  [brxm] FROM [pd_display] WHERE ( pmid='4' and zsdm=1 ) ) AS thinkphp) AS T1 
ERR: 207:[Microsoft][ODBC Driver 11 for SQL Server][SQL Server]列名 'sort' 无效。
 [ SQL语句 ] : SELECT T1.* FROM (SELECT thinkphp.*, ROW_NUMBER() OVER ( ORDER BY sort desc) AS ROW_NUMBER FROM (SELECT  [brxm] FROM [pd_display] WHERE ( pmid='4' and zsdm=1 ) ) AS thinkphp) AS T1 

[ 2017-05-07T10:02:00+08:00 ] 127.0.0.1 /q/CDFYZX/index/getdata?ScreenId=4
ERR: 105:[Microsoft][ODBC Driver 11 for SQL Server][SQL Server]字符串 '4and zsdm=2 ) ) AS thinkphp) AS T1 ' 后的引号不完整。
 [ SQL语句 ] : SELECT T1.* FROM (SELECT thinkphp.*, ROW_NUMBER() OVER ( ORDER BY rand()) AS ROW_NUMBER FROM (SELECT  [brxm] FROM [pd_display] WHERE ( pmid='4and zsdm=2 ) ) AS thinkphp) AS T1 
ERR: 105:[Microsoft][ODBC Driver 11 for SQL Server][SQL Server]字符串 '4and zsdm=2 ) ) AS thinkphp) AS T1 ' 后的引号不完整。
 [ SQL语句 ] : SELECT T1.* FROM (SELECT thinkphp.*, ROW_NUMBER() OVER ( ORDER BY rand()) AS ROW_NUMBER FROM (SELECT  [brxm] FROM [pd_display] WHERE ( pmid='4and zsdm=2 ) ) AS thinkphp) AS T1 

