[ 2017-01-04T12:58:50+08:00 ] 127.0.0.1 /QueuingService/Public/Home/images/background.jpg
ERR: 无法加载模块:QueuingService

[ 2017-01-04T12:58:51+08:00 ] 127.0.0.1 /QueuingService/Public/Home/images/background.jpg
ERR: 无法加载模块:QueuingService

[ 2017-01-04T13:02:01+08:00 ] ::1 /QueuingService/Public/Home/images/background.jpg
ERR: 无法加载模块:QueuingService

[ 2017-01-04T13:06:24+08:00 ] ::1 /QueuingService/Public/Home/images/background.jpg
ERR: 无法加载模块:QueuingService

[ 2017-01-04T13:06:29+08:00 ] ::1 /QueuingService/Public/Home/images/background.jpg
ERR: 无法加载模块:QueuingService

[ 2017-01-04T13:06:29+08:00 ] ::1 /QueuingService/Public/Home/images/background.jpg
ERR: 无法加载模块:QueuingService

[ 2017-01-04T13:06:30+08:00 ] ::1 /QueuingService/Public/Home/images/background.jpg
ERR: 无法加载模块:QueuingService

[ 2017-01-04T13:06:30+08:00 ] ::1 /QueuingService/Public/Home/images/background.jpg
ERR: 无法加载模块:QueuingService

[ 2017-01-04T13:34:24+08:00 ] ::1 /QueuingService/
ERR: 无法加载模块:QueuingService

[ 2017-01-04T13:34:25+08:00 ] ::1 /q/
ERR: 无法加载模块:Q

[ 2017-01-04T13:34:28+08:00 ] ::1 /QueuingService/
ERR: 无法加载模块:QueuingService

[ 2017-01-04T13:34:30+08:00 ] ::1 /Q/
ERR: 无法加载模块:Q

